<?xml version="1.0" encoding="UTF-8"?>
<!-- Generated by org.testng.reporters.JUnitXMLReporter -->
<testsuite hostname="TaSoSsS-PC" ignored="6" name="Default test" tests="1" failures="0" timestamp="22 Απρ 2019 16:05:54 GMT" time="74.295" errors="0">
  <testcase name="VerifyHoverStateTest" time="8.029" classname="com.apcoworldwide.qa.testcases.InternAdvTest"/>
  <testcase name="verifyBreadcrumbsInternAdvTest" time="0.0" classname="com.apcoworldwide.qa.testcases.InternAdvTest">
    <ignored/>
  </testcase> <!-- verifyBreadcrumbsInternAdvTest -->
  <testcase name="verifyFullIACTest" time="0.0" classname="com.apcoworldwide.qa.testcases.InternAdvTest">
    <ignored/>
  </testcase> <!-- verifyFullIACTest -->
  <testcase name="verifyInternAdvTitleTest" time="0.0" classname="com.apcoworldwide.qa.testcases.InternAdvTest">
    <ignored/>
  </testcase> <!-- verifyInternAdvTitleTest -->
  <testcase name="verifyLogoTest" time="0.0" classname="com.apcoworldwide.qa.testcases.InternAdvTest">
    <ignored/>
  </testcase> <!-- verifyLogoTest -->
  <testcase name="linkListTest" time="0.0" classname="com.apcoworldwide.qa.testcases.InternAdvTest">
    <ignored/>
  </testcase> <!-- linkListTest -->
  <testcase name="peopleBreadcrumbClickTest" time="0.0" classname="com.apcoworldwide.qa.testcases.InternAdvTest">
    <ignored/>
  </testcase> <!-- peopleBreadcrumbClickTest -->
</testsuite> <!-- Default test -->
