<?xml version="1.0" encoding="UTF-8"?>
<!-- Generated by org.testng.reporters.JUnitXMLReporter -->
<testsuite hostname="TaSoSsS-PC" ignored="0" name="Test" tests="7" failures="1" timestamp="13 Apr 2019 20:29:22 GMT" time="189.809" errors="0">
  <testcase name="verifyContactPageTitleTest" time="0.201" classname="com.apcoworldwide.qa.testcases.ContactPageTest">
    <failure type="java.lang.AssertionError" message="Home page title not matched expected [Contact -  APCO Worldwide] but found [Contact – APCO Worldwide]">
      <![CDATA[java.lang.AssertionError: Home page title not matched expected [Contact -  APCO Worldwide] but found [Contact – APCO Worldwide]
at com.apcoworldwide.qa.testcases.ContactPageTest.verifyContactPageTitleTest(ContactPageTest.java:43)
... Removed 30 stack frames]]>
    </failure>
  </testcase> <!-- verifyContactPageTitleTest -->
  <testcase name="verifyLeadershipPageTitleTest" time="0.05" classname="com.apcoworldwide.qa.testcases.LeadershipPageTest"/>
  <testcase name="verifyAboutPageTitleTest" time="0.037" classname="com.apcoworldwide.qa.testcases.AboutPageTest"/>
  <testcase name="verifyBlogPageTitleTest" time="0.024" classname="com.apcoworldwide.qa.testcases.BlogPageTest"/>
  <testcase name="verifyWorkPageTitleTest" time="0.03" classname="com.apcoworldwide.qa.testcases.WorkPageTest"/>
  <testcase name="verifyHomePageTitleTest" time="0.156" classname="com.apcoworldwide.qa.testcases.HomePageTest"/>
  <testcase name="verifyNewsPageTitleTest" time="0.043" classname="com.apcoworldwide.qa.testcases.NewsPageTest"/>
</testsuite> <!-- Test -->
