<?xml version="1.0" encoding="UTF-8"?>
<testng-results skipped="0" failed="0" ignored="6" total="7" passed="1">
  <reporter-output>
  </reporter-output>
  <suite name="Default suite" duration-ms="74295" started-at="2019-04-22T16:04:40Z" finished-at="2019-04-22T16:05:54Z">
    <groups>
    </groups>
    <test name="Default test" duration-ms="74295" started-at="2019-04-22T16:04:40Z" finished-at="2019-04-22T16:05:54Z">
      <class name="com.apcoworldwide.qa.testcases.InternAdvTest">
        <test-method status="PASS" signature="setUp()[pri:0, instance:com.apcoworldwide.qa.testcases.InternAdvTest@35841320]" name="setUp" is-config="true" duration-ms="63518" started-at="2019-04-22T16:04:40Z" finished-at="2019-04-22T16:05:44Z">
          <reporter-output>
          </reporter-output>
        </test-method> <!-- setUp -->
        <test-method status="PASS" signature="VerifyHoverStateTest()[pri:0, instance:com.apcoworldwide.qa.testcases.InternAdvTest@35841320]" name="VerifyHoverStateTest" duration-ms="8029" started-at="2019-04-22T16:05:44Z" finished-at="2019-04-22T16:05:52Z">
          <reporter-output>
          </reporter-output>
        </test-method> <!-- VerifyHoverStateTest -->
        <test-method status="PASS" signature="tearDown()[pri:0, instance:com.apcoworldwide.qa.testcases.InternAdvTest@35841320]" name="tearDown" is-config="true" duration-ms="2097" started-at="2019-04-22T16:05:52Z" finished-at="2019-04-22T16:05:54Z">
          <reporter-output>
          </reporter-output>
        </test-method> <!-- tearDown -->
      </class> <!-- com.apcoworldwide.qa.testcases.InternAdvTest -->
    </test> <!-- Default test -->
  </suite> <!-- Default suite -->
</testng-results>
